<?xml version="1.0" encoding="UTF-8"?>
<testng-results ignored="0" total="1" passed="1" failed="0" skipped="0">
  <reporter-output>
  </reporter-output>
  <suite started-at="2020-03-21T12:25:27 CDT" name="inetBankingV1" finished-at="2020-03-21T12:26:30 CDT" duration-ms="62670">
    <groups>
    </groups>
    <test started-at="2020-03-21T12:25:27 CDT" name="BankingApp Test" finished-at="2020-03-21T12:26:30 CDT" duration-ms="62670">
      <class name="com.inetbanking.testCases.TC_LoginTest_001">
        <test-method is-config="true" signature="setup(java.lang.String)[pri:0, instance:com.inetbanking.testCases.TC_LoginTest_001@5e25a92e]" started-at="2020-03-21T12:25:27 CDT" name="setup" finished-at="2020-03-21T12:25:47 CDT" duration-ms="19770" status="PASS">
          <params>
            <param index="0">
              <value>
                <![CDATA[chrome]]>
              </value>
            </param>
          </params>
          <reporter-output>
          </reporter-output>
        </test-method> <!-- setup -->
        <test-method signature="loginTest()[pri:0, instance:com.inetbanking.testCases.TC_LoginTest_001@5e25a92e]" started-at="2020-03-21T12:25:47 CDT" name="loginTest" finished-at="2020-03-21T12:26:29 CDT" duration-ms="41742" status="PASS">
          <reporter-output>
          </reporter-output>
        </test-method> <!-- loginTest -->
        <test-method is-config="true" signature="tearDown()[pri:0, instance:com.inetbanking.testCases.TC_LoginTest_001@5e25a92e]" started-at="2020-03-21T12:26:29 CDT" name="tearDown" finished-at="2020-03-21T12:26:30 CDT" duration-ms="850" status="PASS">
          <reporter-output>
          </reporter-output>
        </test-method> <!-- tearDown -->
      </class> <!-- com.inetbanking.testCases.TC_LoginTest_001 -->
    </test> <!-- BankingApp Test -->
  </suite> <!-- inetBankingV1 -->
</testng-results>
